<?xml version="1.0" encoding="UTF-8"?>
<robot generator="Robot 7.0 (Python 3.12.2 on win32)" generated="2024-05-28T12:10:26.627550" rpa="false" schemaversion="5">
<suite id="s1" name="TestCases" source="F:\Git_Clone_Orange\Team2_OrangeHRM\TestCases">
<suite id="s1-s1" name="Test CandidateSearch" source="F:\Git_Clone_Orange\Team2_OrangeHRM\TestCases\Test_CandidateSearch.robot">
<test id="s1-s1-t1" name="Candidate Search" line="16">
<kw name="Open the browser with url" owner="GenericResources" type="SETUP">
<kw name="Create Webdriver" owner="SeleniumLibrary">
<msg time="2024-05-28T12:10:27.364539" level="INFO">Creating an instance of the Chrome WebDriver.</msg>
<arg>${browser_name}</arg>
<doc>Creates an instance of Selenium WebDriver.</doc>
<status status="PASS" start="2024-05-28T12:10:27.364539" elapsed="4.010695"/>
</kw>
<kw name="Go To" owner="SeleniumLibrary">
<msg time="2024-05-28T12:10:31.375234" level="INFO">Opening url 'https://opensource-demo.orangehrmlive.com/web/index.php/auth/login'</msg>
<arg>${url}</arg>
<doc>Navigates the current browser window to the provided ``url``.</doc>
<status status="PASS" start="2024-05-28T12:10:31.375234" elapsed="4.432873"/>
</kw>
<kw name="Maximize Browser Window" owner="SeleniumLibrary">
<doc>Maximizes current browser window.</doc>
<status status="PASS" start="2024-05-28T12:10:35.808107" elapsed="0.233717"/>
</kw>
<kw name="Set Selenium Implicit Wait" owner="SeleniumLibrary">
<arg>5</arg>
<doc>Sets the implicit wait value used by Selenium.</doc>
<status status="PASS" start="2024-05-28T12:10:36.043928" elapsed="0.000000"/>
</kw>
<status status="PASS" start="2024-05-28T12:10:27.363110" elapsed="8.684330"/>
</kw>
<kw name="Fill the login form" owner="LoginResources">
<kw name="Input Text" owner="SeleniumLibrary">
<msg time="2024-05-28T12:10:36.049286" level="INFO">Typing text 'Admin' into text field 'xpath://input[@name='username']'.</msg>
<arg>xpath://input[@name='username']</arg>
<arg>${Username}</arg>
<doc>Types the given ``text`` into the text field identified by ``locator``.</doc>
<status status="PASS" start="2024-05-28T12:10:36.047440" elapsed="1.394489"/>
</kw>
<kw name="Input Password" owner="SeleniumLibrary">
<msg time="2024-05-28T12:10:37.445168" level="INFO">Typing password into text field 'xpath://input[@type='password']'.</msg>
<msg time="2024-05-28T12:10:37.507718" level="INFO">Temporally setting log level to: NONE</msg>
<arg>xpath://input[@type='password']</arg>
<arg>${Password}</arg>
<doc>Types the given password into the text field identified by ``locator``.</doc>
<status status="PASS" start="2024-05-28T12:10:37.445168" elapsed="0.162232"/>
</kw>
<kw name="Click Button" owner="SeleniumLibrary">
<msg time="2024-05-28T12:10:37.607400" level="INFO">Clicking button 'xpath://button[@type='submit']'.</msg>
<arg>xpath://button[@type='submit']</arg>
<doc>Clicks the button identified by ``locator``.</doc>
<status status="PASS" start="2024-05-28T12:10:37.607400" elapsed="1.288081"/>
</kw>
<arg>${username}</arg>
<arg>${password}</arg>
<status status="PASS" start="2024-05-28T12:10:36.047440" elapsed="2.848041"/>
</kw>
<kw name="Set Selenium Implicit Wait" owner="SeleniumLibrary">
<arg>5</arg>
<doc>Sets the implicit wait value used by Selenium.</doc>
<status status="PASS" start="2024-05-28T12:10:38.895481" elapsed="0.005176"/>
</kw>
<kw name="Click on Recruitment Icon" owner="RecruitmentResources">
<kw name="Click Link" owner="SeleniumLibrary">
<msg time="2024-05-28T12:10:38.900657" level="INFO">Clicking link 'xpath:(//a[@class="oxd-main-menu-item"])[5]'.</msg>
<msg time="2024-05-28T12:10:44.373588" level="INFO" html="true">&lt;/td&gt;&lt;/tr&gt;&lt;tr&gt;&lt;td colspan="3"&gt;&lt;a href="selenium-screenshot-1.png"&gt;&lt;img src="selenium-screenshot-1.png" width="800px"&gt;&lt;/a&gt;</msg>
<msg time="2024-05-28T12:10:44.373588" level="FAIL">Link with locator 'xpath:(//a[@class="oxd-main-menu-item"])[5]' not found.</msg>
<arg>${recruitment_icon}</arg>
<doc>Clicks a link identified by ``locator``.</doc>
<status status="FAIL" start="2024-05-28T12:10:38.900657" elapsed="5.476887">Link with locator 'xpath:(//a[@class="oxd-main-menu-item"])[5]' not found.</status>
</kw>
<status status="FAIL" start="2024-05-28T12:10:38.900657" elapsed="5.479384">Link with locator 'xpath:(//a[@class="oxd-main-menu-item"])[5]' not found.</status>
</kw>
<kw name="click on candidate icon" owner="RecruitmentResources">
<status status="NOT RUN" start="2024-05-28T12:10:44.380041" elapsed="0.000000"/>
</kw>
<kw name="click on xpath to search candidate" owner="RecruitmentResources">
<status status="NOT RUN" start="2024-05-28T12:10:44.380041" elapsed="0.000000"/>
</kw>
<kw name="Dropdown functionality" owner="RecruitmentResources">
<arg>Senior QA Lead</arg>
<status status="NOT RUN" start="2024-05-28T12:10:44.380041" elapsed="0.000000"/>
</kw>
<kw name="click on search button" owner="PIMResources">
<status status="NOT RUN" start="2024-05-28T12:10:44.380041" elapsed="0.000000"/>
</kw>
<kw name="check the count of record" owner="PIMResources">
<var>${count}</var>
<status status="NOT RUN" start="2024-05-28T12:10:44.380041" elapsed="0.002019"/>
</kw>
<if>
<branch type="IF" condition="'${count}'== '0'">
<kw name="Log To Console" owner="BuiltIn">
<arg>${count} Records found</arg>
<doc>Logs the given message to the console.</doc>
<status status="NOT RUN" start="2024-05-28T12:10:44.382060" elapsed="0.000000"/>
</kw>
<status status="NOT RUN" start="2024-05-28T12:10:44.382060" elapsed="0.000000"/>
</branch>
<branch type="ELSE">
<kw name="Log To Console" owner="BuiltIn">
<arg>${count} Records Found</arg>
<doc>Logs the given message to the console.</doc>
<status status="NOT RUN" start="2024-05-28T12:10:44.382060" elapsed="0.000000"/>
</kw>
<status status="NOT RUN" start="2024-05-28T12:10:44.382060" elapsed="0.000000"/>
</branch>
<status status="NOT RUN" start="2024-05-28T12:10:44.382060" elapsed="0.000000"/>
</if>
<kw name="Close Browser Session" owner="GenericResources" type="TEARDOWN">
<kw name="Close Browser" owner="SeleniumLibrary">
<doc>Closes the current browser.</doc>
<status status="PASS" start="2024-05-28T12:10:44.382060" elapsed="3.222724"/>
</kw>
<status status="PASS" start="2024-05-28T12:10:44.382060" elapsed="3.222724"/>
</kw>
<tag>SMOKE</tag>
<status status="FAIL" start="2024-05-28T12:10:27.359246" elapsed="20.245538">Link with locator 'xpath:(//a[@class="oxd-main-menu-item"])[5]' not found.</status>
</test>
<doc>Test for Candidate Search</doc>
<status status="FAIL" start="2024-05-28T12:10:26.690328" elapsed="20.915973"/>
</suite>
<status status="FAIL" start="2024-05-28T12:10:26.661490" elapsed="20.945820"/>
</suite>
<statistics>
<total>
<stat pass="0" fail="1" skip="0">All Tests</stat>
</total>
<tag>
<stat pass="0" fail="1" skip="0">SMOKE</stat>
</tag>
<suite>
<stat pass="0" fail="1" skip="0" id="s1" name="TestCases">TestCases</stat>
<stat pass="0" fail="1" skip="0" id="s1-s1" name="Test CandidateSearch">TestCases.Test CandidateSearch</stat>
</suite>
</statistics>
<errors>
</errors>
</robot>
