<?xml version="1.0" encoding="UTF-8"?>
<robot generator="Robot 7.0 (Python 3.12.2 on win32)" generated="2024-05-28T12:11:17.131330" rpa="false" schemaversion="5">
<suite id="s1" name="TestCases" source="F:\Git_Clone_Orange\Team2_OrangeHRM\TestCases">
<suite id="s1-s1" name="Test Configurations" source="F:\Git_Clone_Orange\Team2_OrangeHRM\TestCases\Test_Configurations.robot">
<test id="s1-s1-t1" name="Configuring the email" line="13">
<kw name="Open the browser with url" owner="GenericResources" type="SETUP">
<kw name="Create Webdriver" owner="SeleniumLibrary">
<msg time="2024-05-28T12:11:19.107648" level="INFO">Creating an instance of the Chrome WebDriver.</msg>
<arg>${browser_name}</arg>
<doc>Creates an instance of Selenium WebDriver.</doc>
<status status="PASS" start="2024-05-28T12:11:19.104056" elapsed="2.774114"/>
</kw>
<kw name="Go To" owner="SeleniumLibrary">
<msg time="2024-05-28T12:11:21.879381" level="INFO">Opening url 'https://opensource-demo.orangehrmlive.com/web/index.php/auth/login'</msg>
<arg>${url}</arg>
<doc>Navigates the current browser window to the provided ``url``.</doc>
<status status="PASS" start="2024-05-28T12:11:21.878170" elapsed="3.469590"/>
</kw>
<kw name="Maximize Browser Window" owner="SeleniumLibrary">
<doc>Maximizes current browser window.</doc>
<status status="PASS" start="2024-05-28T12:11:25.350576" elapsed="0.043782"/>
</kw>
<kw name="Set Selenium Implicit Wait" owner="SeleniumLibrary">
<arg>5</arg>
<doc>Sets the implicit wait value used by Selenium.</doc>
<status status="PASS" start="2024-05-28T12:11:25.394358" elapsed="0.000000"/>
</kw>
<status status="PASS" start="2024-05-28T12:11:19.102547" elapsed="6.291811"/>
</kw>
<kw name="Configuration of the Email">
<kw name="Fill the login form" owner="LoginResources">
<kw name="Input Text" owner="SeleniumLibrary">
<msg time="2024-05-28T12:11:25.406611" level="INFO">Typing text 'Admin' into text field 'xpath://input[@name='username']'.</msg>
<arg>xpath://input[@name='username']</arg>
<arg>${Username}</arg>
<doc>Types the given ``text`` into the text field identified by ``locator``.</doc>
<status status="PASS" start="2024-05-28T12:11:25.405433" elapsed="0.605116"/>
</kw>
<kw name="Input Password" owner="SeleniumLibrary">
<msg time="2024-05-28T12:11:26.011767" level="INFO">Typing password into text field 'xpath://input[@type='password']'.</msg>
<msg time="2024-05-28T12:11:26.062217" level="INFO">Temporally setting log level to: NONE</msg>
<arg>xpath://input[@type='password']</arg>
<arg>${Password}</arg>
<doc>Types the given password into the text field identified by ``locator``.</doc>
<status status="PASS" start="2024-05-28T12:11:26.011767" elapsed="0.224242"/>
</kw>
<kw name="Click Button" owner="SeleniumLibrary">
<msg time="2024-05-28T12:11:26.236009" level="INFO">Clicking button 'xpath://button[@type='submit']'.</msg>
<arg>xpath://button[@type='submit']</arg>
<doc>Clicks the button identified by ``locator``.</doc>
<status status="PASS" start="2024-05-28T12:11:26.236009" elapsed="1.960341"/>
</kw>
<arg>Admin</arg>
<arg>admin123</arg>
<status status="PASS" start="2024-05-28T12:11:25.405433" elapsed="2.790917"/>
</kw>
<kw name="Click the Admin button" owner="GenericResources">
<kw name="Click Element" owner="SeleniumLibrary">
<msg time="2024-05-28T12:11:28.197576" level="INFO">Clicking element 'css:a[href="/web/index.php/admin/viewAdminModule"]'.</msg>
<arg>${admin}</arg>
<doc>Click the element identified by ``locator``.</doc>
<status status="PASS" start="2024-05-28T12:11:28.197576" elapsed="1.674012"/>
</kw>
<status status="PASS" start="2024-05-28T12:11:28.197576" elapsed="1.674012"/>
</kw>
<kw name="Click the Configurations" owner="Configurations">
<kw name="Wait Until Element Is Visible" owner="SeleniumLibrary">
<arg>${configurations}</arg>
<doc>Waits until the element ``locator`` is visible.</doc>
<status status="PASS" start="2024-05-28T12:11:29.871588" elapsed="0.452195"/>
</kw>
<kw name="Click Element" owner="SeleniumLibrary">
<msg time="2024-05-28T12:11:30.323783" level="INFO">Clicking element 'xpath=(//span[@class='oxd-topbar-body-nav-tab-item'])[5]'.</msg>
<arg>${configurations}</arg>
<doc>Click the element identified by ``locator``.</doc>
<status status="PASS" start="2024-05-28T12:11:30.323783" elapsed="0.077132"/>
</kw>
<status status="PASS" start="2024-05-28T12:11:29.871588" elapsed="0.529327"/>
</kw>
<kw name="Click the Email Configurations" owner="Configurations">
<kw name="Wait Until Element Is Visible" owner="SeleniumLibrary">
<arg>${email_config}</arg>
<doc>Waits until the element ``locator`` is visible.</doc>
<status status="PASS" start="2024-05-28T12:11:30.404282" elapsed="0.505096"/>
</kw>
<kw name="Click Element" owner="SeleniumLibrary">
<msg time="2024-05-28T12:11:30.910884" level="INFO">Clicking element 'xpath=(//ul[@class='oxd-dropdown-menu']//a)[1]'.</msg>
<arg>${email_config}</arg>
<doc>Click the element identified by ``locator``.</doc>
<status status="PASS" start="2024-05-28T12:11:30.910884" elapsed="0.604022"/>
</kw>
<status status="PASS" start="2024-05-28T12:11:30.400915" elapsed="1.116418"/>
</kw>
<kw name="Enter the Sent Email id" owner="Configurations">
<kw name="Wait Until Element Is Visible" owner="SeleniumLibrary">
<arg>${sent_email}</arg>
<doc>Waits until the element ``locator`` is visible.</doc>
<status status="PASS" start="2024-05-28T12:11:31.518510" elapsed="0.417658"/>
</kw>
<kw name="Input Text" owner="SeleniumLibrary">
<msg time="2024-05-28T12:11:31.936168" level="INFO">Typing text 'admin@mail.com' into text field 'xpath=(//div[@data-v-957b4417]//input)[1]'.</msg>
<arg>${sent_email}</arg>
<arg>${send_email_id}</arg>
<doc>Types the given ``text`` into the text field identified by ``locator``.</doc>
<status status="PASS" start="2024-05-28T12:11:31.936168" elapsed="0.102880"/>
</kw>
<arg>${send_email_id}</arg>
<status status="PASS" start="2024-05-28T12:11:31.518510" elapsed="0.525547"/>
</kw>
<kw name="Click the Send Mail Checkbox" owner="Configurations">
<kw name="Wait Until Element Is Visible" owner="SeleniumLibrary">
<arg>${checkbox}</arg>
<doc>Waits until the element ``locator`` is visible.</doc>
<status status="PASS" start="2024-05-28T12:11:32.044057" elapsed="0.024344"/>
</kw>
<kw name="Click Element" owner="SeleniumLibrary">
<msg time="2024-05-28T12:11:32.069104" level="INFO">Clicking element 'xpath=(//div[@class='oxd-radio-wrapper']//span)[3]'.</msg>
<arg>${checkbox}</arg>
<doc>Click the element identified by ``locator``.</doc>
<status status="PASS" start="2024-05-28T12:11:32.069104" elapsed="0.257257"/>
</kw>
<status status="PASS" start="2024-05-28T12:11:32.044057" elapsed="0.282304"/>
</kw>
<kw name="Enable the Send Test Mail" owner="Configurations">
<kw name="Wait Until Element Is Visible" owner="SeleniumLibrary">
<arg>${enable}</arg>
<doc>Waits until the element ``locator`` is visible.</doc>
<status status="PASS" start="2024-05-28T12:11:32.330869" elapsed="0.026315"/>
</kw>
<kw name="Click Element" owner="SeleniumLibrary">
<msg time="2024-05-28T12:11:32.359613" level="INFO">Clicking element 'xpath=//input[@type='checkbox']/following-sibling::span'.</msg>
<arg>${enable}</arg>
<doc>Click the element identified by ``locator``.</doc>
<status status="PASS" start="2024-05-28T12:11:32.357184" elapsed="0.295442"/>
</kw>
<status status="PASS" start="2024-05-28T12:11:32.326361" elapsed="0.326265"/>
</kw>
<kw name="Enter the Test Email id" owner="Configurations">
<kw name="Wait Until Element Is Visible" owner="SeleniumLibrary">
<arg>${test_email}</arg>
<doc>Waits until the element ``locator`` is visible.</doc>
<status status="PASS" start="2024-05-28T12:11:32.652626" elapsed="0.024758"/>
</kw>
<kw name="Input Text" owner="SeleniumLibrary">
<msg time="2024-05-28T12:11:32.678543" level="INFO">Typing text 'admin@mail.com' into text field 'xpath=(//div[@data-v-957b4417]//input)[5]'.</msg>
<arg>${test_email}</arg>
<arg>${test_email_id}</arg>
<doc>Types the given ``text`` into the text field identified by ``locator``.</doc>
<status status="PASS" start="2024-05-28T12:11:32.678543" elapsed="0.108424"/>
</kw>
<arg>${test_email_id}</arg>
<status status="PASS" start="2024-05-28T12:11:32.652626" elapsed="0.134341"/>
</kw>
<kw name="Click the Save button" owner="GenericResources">
<kw name="Wait Until Element Is Enabled" owner="SeleniumLibrary">
<arg>${save_button}</arg>
<doc>Waits until the element ``locator`` is enabled.</doc>
<status status="PASS" start="2024-05-28T12:11:32.788234" elapsed="0.033772"/>
</kw>
<kw name="Click Button" owner="SeleniumLibrary">
<msg time="2024-05-28T12:11:32.822006" level="INFO">Clicking button 'xpath=(//p[@class='oxd-text oxd-text--p orangehrm-form-hint']//following-sibling::button)[2]'.</msg>
<arg>${save_button}</arg>
<doc>Clicks the button identified by ``locator``.</doc>
<status status="PASS" start="2024-05-28T12:11:32.822006" elapsed="0.074245"/>
</kw>
<status status="PASS" start="2024-05-28T12:11:32.786967" elapsed="0.109284"/>
</kw>
<kw name="Verify email is sent to mail id" owner="Configurations">
<kw name="Element Text Should Be" owner="SeleniumLibrary">
<msg time="2024-05-28T12:11:32.900356" level="INFO">Verifying element 'xpath=(//div[@class='oxd-toast-start']//p)[2]' contains exact text 'Test Email Sent'.</msg>
<arg>${assert}</arg>
<arg>Test Email Sent</arg>
<doc>Verifies that element ``locator`` contains exact the text ``expected``.</doc>
<status status="PASS" start="2024-05-28T12:11:32.900356" elapsed="0.856376"/>
</kw>
<status status="PASS" start="2024-05-28T12:11:32.896251" elapsed="0.860481"/>
</kw>
<arg>send_email_id=admin@mail.com</arg>
<arg>test_email_id=admin@mail.com</arg>
<status status="PASS" start="2024-05-28T12:11:25.403568" elapsed="8.353164"/>
</kw>
<kw name="Close Browser Session" owner="GenericResources" type="TEARDOWN">
<kw name="Close Browser" owner="SeleniumLibrary">
<doc>Closes the current browser.</doc>
<status status="PASS" start="2024-05-28T12:11:33.758897" elapsed="3.569330"/>
</kw>
<status status="PASS" start="2024-05-28T12:11:33.758897" elapsed="3.569330"/>
</kw>
<doc>Configurages and Verifies the email is sent to the mail id</doc>
<tag>Retest</tag>
<status status="PASS" start="2024-05-28T12:11:19.099029" elapsed="18.229198"/>
</test>
<doc>Configuration of the Email by the Admin</doc>
<status status="PASS" start="2024-05-28T12:11:17.186799" elapsed="20.141428"/>
</suite>
<status status="PASS" start="2024-05-28T12:11:17.167904" elapsed="20.160323"/>
</suite>
<statistics>
<total>
<stat pass="1" fail="0" skip="0">All Tests</stat>
</total>
<tag>
<stat pass="1" fail="0" skip="0">Retest</stat>
</tag>
<suite>
<stat pass="1" fail="0" skip="0" id="s1" name="TestCases">TestCases</stat>
<stat pass="1" fail="0" skip="0" id="s1-s1" name="Test Configurations">TestCases.Test Configurations</stat>
</suite>
</statistics>
<errors>
</errors>
</robot>
